my-own/Days/app/build/outputs/logs/manifest-merger-release-report.txt
-- Merging decision tree log ---
manifest
ADDED from src\main\AndroidManifest.xml:2:1-95:12
	package
		ADDED from src\main\AndroidManifest.xml:3:5-40
		INJECTED from src\main\AndroidManifest.xml
		INJECTED from src\main\AndroidManifest.xml
	android:versionName
		INJECTED from src\main\AndroidManifest.xml
		INJECTED from src\main\AndroidManifest.xml
	xmlns:android
		ADDED from src\main\AndroidManifest.xml:2:11-69
	android:versionCode
		INJECTED from src\main\AndroidManifest.xml
		INJECTED from src\main\AndroidManifest.xml
uses-permission#android.permission.RECEIVE_BOOT_COMPLETED
ADDED from src\main\AndroidManifest.xml:5:5-81
	android:name
		ADDED from src\main\AndroidManifest.xml:5:22-78
compatible-screens
ADDED from src\main\AndroidManifest.xml:7:5-23:26
screen#normal+hdpi
ADDED from src\main\AndroidManifest.xml:9:9-76
	android:screenDensity
		ADDED from src\main\AndroidManifest.xml:9:45-73
	android:screenSize
		ADDED from src\main\AndroidManifest.xml:9:17-44
screen#normal+xhdpi
ADDED from src\main\AndroidManifest.xml:10:9-77
	android:screenDensity
		ADDED from src\main\AndroidManifest.xml:10:45-74
	android:screenSize
		ADDED from src\main\AndroidManifest.xml:10:17-44
screen#normal+420
ADDED from src\main\AndroidManifest.xml:11:9-75
	android:screenDensity
		ADDED from src\main\AndroidManifest.xml:11:45-72
	android:screenSize
		ADDED from src\main\AndroidManifest.xml:11:17-44
screen#normal+480
ADDED from src\main\AndroidManifest.xml:12:9-75
	android:screenDensity
		ADDED from src\main\AndroidManifest.xml:12:45-72
	android:screenSize
		ADDED from src\main\AndroidManifest.xml:12:17-44
screen#normal+560
ADDED from src\main\AndroidManifest.xml:13:9-75
	android:screenDensity
		ADDED from src\main\AndroidManifest.xml:13:45-72
	android:screenSize
		ADDED from src\main\AndroidManifest.xml:13:17-44
screen#normal+640
ADDED from src\main\AndroidManifest.xml:14:9-75
	android:screenDensity
		ADDED from src\main\AndroidManifest.xml:14:45-72
	android:screenSize
		ADDED from src\main\AndroidManifest.xml:14:17-44
screen#large+mdpi
ADDED from src\main\AndroidManifest.xml:16:9-75
	android:screenDensity
		ADDED from src\main\AndroidManifest.xml:16:44-72
	android:screenSize
		ADDED from src\main\AndroidManifest.xml:16:17-43
screen#large+hdpi
ADDED from src\main\AndroidManifest.xml:17:9-75
	android:screenDensity
		ADDED from src\main\AndroidManifest.xml:17:44-72
	android:screenSize
		ADDED from src\main\AndroidManifest.xml:17:17-43
screen#large+xhdpi
ADDED from src\main\AndroidManifest.xml:18:9-76
	android:screenDensity
		ADDED from src\main\AndroidManifest.xml:18:44-73
	android:screenSize
		ADDED from src\main\AndroidManifest.xml:18:17-43
screen#large+420
ADDED from src\main\AndroidManifest.xml:19:9-74
	android:screenDensity
		ADDED from src\main\AndroidManifest.xml:19:44-71
	android:screenSize
		ADDED from src\main\AndroidManifest.xml:19:17-43
screen#large+480
ADDED from src\main\AndroidManifest.xml:20:9-74
	android:screenDensity
		ADDED from src\main\AndroidManifest.xml:20:44-71
	android:screenSize
		ADDED from src\main\AndroidManifest.xml:20:17-43
screen#large+560
ADDED from src\main\AndroidManifest.xml:21:9-74
	android:screenDensity
		ADDED from src\main\AndroidManifest.xml:21:44-71
	android:screenSize
		ADDED from src\main\AndroidManifest.xml:21:17-43
screen#large+640
ADDED from src\main\AndroidManifest.xml:22:9-74
	android:screenDensity
		ADDED from src\main\AndroidManifest.xml:22:44-71
	android:screenSize
		ADDED from src\main\AndroidManifest.xml:22:17-43
application
ADDED from src\main\AndroidManifest.xml:25:5-93:19
MERGED from [com.android.support:appcompat-v7:23.4.0] AndroidManifest.xml:25:5-20
MERGED from [com.android.support:animated-vector-drawable:23.4.0] AndroidManifest.xml:7:5-20
MERGED from [com.android.support:support-vector-drawable:23.4.0] AndroidManifest.xml:7:5-20
MERGED from [com.android.support:support-v4:23.4.0] AndroidManifest.xml:22:5-20
MERGED from [com.android.support:support-v4:23.4.0] AndroidManifest.xml:22:5-20
MERGED from [com.android.support:support-vector-drawable:23.4.0] AndroidManifest.xml:7:5-20
MERGED from [com.android.support:support-v4:23.4.0] AndroidManifest.xml:22:5-20
MERGED from [com.android.support:design:23.4.0] AndroidManifest.xml:22:5-20
MERGED from [com.android.support:support-v4:23.4.0] AndroidManifest.xml:22:5-20
MERGED from [com.android.support:appcompat-v7:23.4.0] AndroidManifest.xml:25:5-20
MERGED from [com.android.support:animated-vector-drawable:23.4.0] AndroidManifest.xml:7:5-20
MERGED from [com.android.support:support-vector-drawable:23.4.0] AndroidManifest.xml:7:5-20
MERGED from [com.android.support:support-v4:23.4.0] AndroidManifest.xml:22:5-20
MERGED from [com.android.support:support-v4:23.4.0] AndroidManifest.xml:22:5-20
MERGED from [com.android.support:support-vector-drawable:23.4.0] AndroidManifest.xml:7:5-20
MERGED from [com.android.support:support-v4:23.4.0] AndroidManifest.xml:22:5-20
MERGED from [com.android.support:support-v4:23.4.0] AndroidManifest.xml:22:5-20
MERGED from [com.android.support:support-v4:23.4.0] AndroidManifest.xml:22:5-20
MERGED from [com.android.support:percent:23.4.0] AndroidManifest.xml:22:5-20
MERGED from [com.android.support:support-v4:23.4.0] AndroidManifest.xml:22:5-20
MERGED from [com.android.support:cardview-v7:23.4.0] AndroidManifest.xml:22:5-20
MERGED from [com.android.support:support-v4:23.4.0] AndroidManifest.xml:22:5-20
	android:label
		ADDED from src\main\AndroidManifest.xml:28:9-41
	android:supportsRtl
		ADDED from src\main\AndroidManifest.xml:29:9-35
	android:allowBackup
		ADDED from src\main\AndroidManifest.xml:26:9-35
	android:icon
		ADDED from src\main\AndroidManifest.xml:27:9-43
	android:theme
		ADDED from src\main\AndroidManifest.xml:30:9-40
activity#developer.marat.apps.days.Activities.MainActivity
ADDED from src\main\AndroidManifest.xml:31:9-41:20
	android:screenOrientation
		ADDED from src\main\AndroidManifest.xml:34:13-49
	android:label
		ADDED from src\main\AndroidManifest.xml:33:13-45
	android:theme
		ADDED from src\main\AndroidManifest.xml:35:13-56
	android:name
		ADDED from src\main\AndroidManifest.xml:32:13-77
intent-filter#android.intent.action.MAIN+android.intent.category.LAUNCHER
ADDED from src\main\AndroidManifest.xml:36:13-40:29
action#android.intent.action.MAIN
ADDED from src\main\AndroidManifest.xml:37:17-69
	android:name
		ADDED from src\main\AndroidManifest.xml:37:25-66
category#android.intent.category.LAUNCHER
ADDED from src\main\AndroidManifest.xml:39:17-77
	android:name
		ADDED from src\main\AndroidManifest.xml:39:27-74
activity#developer.marat.apps.days.Activities.AddNewEventActivity
ADDED from src\main\AndroidManifest.xml:42:9-51:20
	android:screenOrientation
		ADDED from src\main\AndroidManifest.xml:46:13-49
	android:label
		ADDED from src\main\AndroidManifest.xml:44:13-65
	android:parentActivityName
		ADDED from src\main\AndroidManifest.xml:45:13-91
	android:theme
		ADDED from src\main\AndroidManifest.xml:47:13-56
	android:name
		ADDED from src\main\AndroidManifest.xml:43:13-84
meta-data#android.support.PARENT_ACTIVITY
ADDED from src\main\AndroidManifest.xml:48:13-50:85
	android:value
		ADDED from src\main\AndroidManifest.xml:50:17-82
	android:name
		ADDED from src\main\AndroidManifest.xml:49:17-63
activity#developer.marat.apps.days.Activities.EditSavedEventActivity
ADDED from src\main\AndroidManifest.xml:52:9-61:20
	android:screenOrientation
		ADDED from src\main\AndroidManifest.xml:56:13-49
	android:label
		ADDED from src\main\AndroidManifest.xml:54:13-68
	android:parentActivityName
		ADDED from src\main\AndroidManifest.xml:55:13-91
	android:theme
		ADDED from src\main\AndroidManifest.xml:57:13-56
	android:name
		ADDED from src\main\AndroidManifest.xml:53:13-87
activity#developer.marat.apps.days.Activities.QuickCalculationActivity
ADDED from src\main\AndroidManifest.xml:62:9-71:20
	android:screenOrientation
		ADDED from src\main\AndroidManifest.xml:66:13-49
	android:label
		ADDED from src\main\AndroidManifest.xml:64:13-69
	android:parentActivityName
		ADDED from src\main\AndroidManifest.xml:65:13-91
	android:theme
		ADDED from src\main\AndroidManifest.xml:67:13-56
	android:name
		ADDED from src\main\AndroidManifest.xml:63:13-89
activity#developer.marat.apps.days.Activities.EventInformationActivity
ADDED from src\main\AndroidManifest.xml:72:9-80:20
	android:label
		ADDED from src\main\AndroidManifest.xml:74:13-69
	android:parentActivityName
		ADDED from src\main\AndroidManifest.xml:75:13-91
	android:theme
		ADDED from src\main\AndroidManifest.xml:76:13-56
	android:name
		ADDED from src\main\AndroidManifest.xml:73:13-89
receiver#developer.marat.apps.days.Alarms.DayBeforeAlarmBroadcastReceiver
ADDED from src\main\AndroidManifest.xml:82:9-100
	android:name
		ADDED from src\main\AndroidManifest.xml:82:19-98
receiver#developer.marat.apps.days.Alarms.OnDayAlarmBroadcastReceiver
ADDED from src\main\AndroidManifest.xml:83:9-96
	android:name
		ADDED from src\main\AndroidManifest.xml:83:19-94
receiver#developer.marat.apps.days.Alarms.BootCompletedReceiver
ADDED from src\main\AndroidManifest.xml:85:9-89:20
	android:enabled
		ADDED from src\main\AndroidManifest.xml:85:89-111
	android:name
		ADDED from src\main\AndroidManifest.xml:85:19-88
intent-filter#android.intent.action.BOOT_COMPLETED
ADDED from src\main\AndroidManifest.xml:86:13-88:29
action#android.intent.action.BOOT_COMPLETED
ADDED from src\main\AndroidManifest.xml:87:17-79
	android:name
		ADDED from src\main\AndroidManifest.xml:87:25-76
service#developer.marat.apps.days.Alarms.RestartAlarmsService
ADDED from src\main\AndroidManifest.xml:91:9-88
	android:name
		ADDED from src\main\AndroidManifest.xml:91:18-86
uses-sdk
INJECTED from src\main\AndroidManifest.xml reason: use-sdk injection requested
MERGED from [com.android.support:appcompat-v7:23.4.0] AndroidManifest.xml:21:5-23:78
MERGED from [com.android.support:animated-vector-drawable:23.4.0] AndroidManifest.xml:5:5-44
MERGED from [com.android.support:support-vector-drawable:23.4.0] AndroidManifest.xml:5:5-43
MERGED from [com.android.support:support-v4:23.4.0] AndroidManifest.xml:20:5-43
MERGED from [com.android.support:support-v4:23.4.0] AndroidManifest.xml:20:5-43
MERGED from [com.android.support:support-vector-drawable:23.4.0] AndroidManifest.xml:5:5-43
MERGED from [com.android.support:support-v4:23.4.0] AndroidManifest.xml:20:5-43
MERGED from [com.android.support:design:23.4.0] AndroidManifest.xml:20:5-43
MERGED from [com.android.support:recyclerview-v7:23.4.0] AndroidManifest.xml:20:5-43
MERGED from [com.android.support:support-v4:23.4.0] AndroidManifest.xml:20:5-43
MERGED from [com.android.support:appcompat-v7:23.4.0] AndroidManifest.xml:21:5-23:78
MERGED from [com.android.support:animated-vector-drawable:23.4.0] AndroidManifest.xml:5:5-44
MERGED from [com.android.support:support-vector-drawable:23.4.0] AndroidManifest.xml:5:5-43
MERGED from [com.android.support:support-v4:23.4.0] AndroidManifest.xml:20:5-43
MERGED from [com.android.support:support-v4:23.4.0] AndroidManifest.xml:20:5-43
MERGED from [com.android.support:support-vector-drawable:23.4.0] AndroidManifest.xml:5:5-43
MERGED from [com.android.support:support-v4:23.4.0] AndroidManifest.xml:20:5-43
MERGED from [com.android.support:support-v4:23.4.0] AndroidManifest.xml:20:5-43
MERGED from [com.android.support:support-v4:23.4.0] AndroidManifest.xml:20:5-43
MERGED from [com.android.support:percent:23.4.0] AndroidManifest.xml:20:5-43
MERGED from [com.android.support:support-v4:23.4.0] AndroidManifest.xml:20:5-43
MERGED from [com.android.support:cardview-v7:23.4.0] AndroidManifest.xml:20:5-43
MERGED from [com.android.support:recyclerview-v7:23.4.0] AndroidManifest.xml:20:5-43
MERGED from [com.android.support:support-v4:23.4.0] AndroidManifest.xml:20:5-43
	tools:overrideLibrary
		ADDED from [com.android.support:appcompat-v7:23.4.0] AndroidManifest.xml:23:9-75
	android:targetSdkVersion
		INJECTED from src\main\AndroidManifest.xml
		INJECTED from src\main\AndroidManifest.xml
	android:minSdkVersion
		INJECTED from src\main\AndroidManifest.xml
		INJECTED from src\main\AndroidManifest.xml